[debug] [2020-07-27T07:09:47.312Z] ----------------------------------------------------------------------
[debug] [2020-07-27T07:09:47.317Z] Command:       C:\MyBin\node-v10.16.0-win-x64\node.exe C:\MyBin\node-v10.16.0-win-x64\node_modules\firebase-tools\lib\bin\firebase.js login
[debug] [2020-07-27T07:09:47.318Z] CLI Version:   8.6.0
[debug] [2020-07-27T07:09:47.318Z] Platform:      win32
[debug] [2020-07-27T07:09:47.318Z] Node Version:  v10.16.0
[debug] [2020-07-27T07:09:47.325Z] Time:          Mon Jul 27 2020 01:09:47 GMT-0600 (Mountain Daylight Time)
[debug] [2020-07-27T07:09:47.326Z] ----------------------------------------------------------------------
[debug] [2020-07-27T07:09:47.326Z] 
[info] i  Firebase optionally collects CLI usage and error reporting information to help improve our products. Data is collected in accordance with Google's privacy policy (https://policies.google.com/privacy) and is not used to identify you.
 
[info] i  To change your data collection preference at any time, run `firebase logout` and log in again. 
[info] 
[info] Visit this URL on this device to log in:
[info] https://accounts.google.com/o/oauth2/auth?client_id=563584335869-fgrhgmd47bqnekij5i8b5pr03ho849e6.apps.googleusercontent.com&scope=email%20openid%20https%3A%2F%2Fwww.googleapis.com%2Fauth%2Fcloudplatformprojects.readonly%20https%3A%2F%2Fwww.googleapis.com%2Fauth%2Ffirebase%20https%3A%2F%2Fwww.googleapis.com%2Fauth%2Fcloud-platform&response_type=code&state=629918694&redirect_uri=http%3A%2F%2Flocalhost%3A9005
[info] 
[info] Waiting for authentication...
[debug] [2020-07-27T07:10:09.256Z] >>> HTTP REQUEST POST https://accounts.google.com/o/oauth2/token  
 {"code":"4/2QGtWGbMhLaZf0Mc3qTje7ncFKg8W67bppCkz_hQWqtB7k90xH-NPooldqNagUm8WhbaAstaN7w7szlMOfPQd4g","client_id":"563584335869-fgrhgmd47bqnekij5i8b5pr03ho849e6.apps.googleusercontent.com","client_secret":"j9iVZfS8kkCEFUPaAeJV0sAi","redirect_uri":"http://localhost:9005","grant_type":"authorization_code"}
[debug] [2020-07-27T07:10:09.552Z] Token Fetch Error: FirebaseError: Server Error. unable to get local issuer certificate
    at Request._callback (C:\MyBin\node-v10.16.0-win-x64\node_modules\firebase-tools\lib\api.js:32:31)
    at self.callback (C:\MyBin\node-v10.16.0-win-x64\node_modules\firebase-tools\node_modules\request\request.js:185:22)
    at Request.emit (events.js:198:13)
    at Request.EventEmitter.emit (domain.js:448:20)
    at Request.onRequestError (C:\MyBin\node-v10.16.0-win-x64\node_modules\firebase-tools\node_modules\request\request.js:877:8)
    at ClientRequest.emit (events.js:198:13)
    at ClientRequest.EventEmitter.emit (domain.js:448:20)
    at TLSSocket.socketErrorListener (_http_client.js:392:9)
    at TLSSocket.emit (events.js:198:13)
    at TLSSocket.EventEmitter.emit (domain.js:448:20)
    at emitErrorNT (internal/streams/destroy.js:91:8)
    at emitErrorAndCloseNT (internal/streams/destroy.js:59:3)
    at process._tickCallback (internal/process/next_tick.js:63:19)
[debug] [2020-07-27T07:10:31.200Z] ----------------------------------------------------------------------
[debug] [2020-07-27T07:10:31.202Z] Command:       C:\MyBin\node-v10.16.0-win-x64\node.exe C:\MyBin\node-v10.16.0-win-x64\node_modules\firebase-tools\lib\bin\firebase.js login
[debug] [2020-07-27T07:10:31.202Z] CLI Version:   8.6.0
[debug] [2020-07-27T07:10:31.203Z] Platform:      win32
[debug] [2020-07-27T07:10:31.203Z] Node Version:  v10.16.0
[debug] [2020-07-27T07:10:31.207Z] Time:          Mon Jul 27 2020 01:10:31 GMT-0600 (Mountain Daylight Time)
[debug] [2020-07-27T07:10:31.208Z] ----------------------------------------------------------------------
[debug] [2020-07-27T07:10:31.208Z] 
[info] i  Firebase optionally collects CLI usage and error reporting information to help improve our products. Data is collected in accordance with Google's privacy policy (https://policies.google.com/privacy) and is not used to identify you.
 
[info] i  To change your data collection preference at any time, run `firebase logout` and log in again. 
[info] 
[info] Visit this URL on this device to log in:
[info] https://accounts.google.com/o/oauth2/auth?client_id=563584335869-fgrhgmd47bqnekij5i8b5pr03ho849e6.apps.googleusercontent.com&scope=email%20openid%20https%3A%2F%2Fwww.googleapis.com%2Fauth%2Fcloudplatformprojects.readonly%20https%3A%2F%2Fwww.googleapis.com%2Fauth%2Ffirebase%20https%3A%2F%2Fwww.googleapis.com%2Fauth%2Fcloud-platform&response_type=code&state=362116681&redirect_uri=http%3A%2F%2Flocalhost%3A9005
[info] 
[info] Waiting for authentication...
[debug] [2020-07-27T07:10:54.927Z] >>> HTTP REQUEST POST https://accounts.google.com/o/oauth2/token  
 {"code":"4/2QGDeTJiquSvb4N_oExVi9DTUWCgSkwMR1-_HBJt8v8pqXrQsU0jDGMYBKAAeqUidwH84Wv52KdU27OVY6mhJo0","client_id":"563584335869-fgrhgmd47bqnekij5i8b5pr03ho849e6.apps.googleusercontent.com","client_secret":"j9iVZfS8kkCEFUPaAeJV0sAi","redirect_uri":"http://localhost:9005","grant_type":"authorization_code"}
[debug] [2020-07-27T07:10:55.259Z] Token Fetch Error: FirebaseError: Server Error. unable to get local issuer certificate
    at Request._callback (C:\MyBin\node-v10.16.0-win-x64\node_modules\firebase-tools\lib\api.js:32:31)
    at self.callback (C:\MyBin\node-v10.16.0-win-x64\node_modules\firebase-tools\node_modules\request\request.js:185:22)
    at Request.emit (events.js:198:13)
    at Request.EventEmitter.emit (domain.js:448:20)
    at Request.onRequestError (C:\MyBin\node-v10.16.0-win-x64\node_modules\firebase-tools\node_modules\request\request.js:877:8)
    at ClientRequest.emit (events.js:198:13)
    at ClientRequest.EventEmitter.emit (domain.js:448:20)
    at TLSSocket.socketErrorListener (_http_client.js:392:9)
    at TLSSocket.emit (events.js:198:13)
    at TLSSocket.EventEmitter.emit (domain.js:448:20)
    at emitErrorNT (internal/streams/destroy.js:91:8)
    at emitErrorAndCloseNT (internal/streams/destroy.js:59:3)
    at process._tickCallback (internal/process/next_tick.js:63:19)
